Chapter15/build/outputs/logs/manifest-merger-debug-report.txt
-- Merging decision tree log ---
manifest
ADDED from android_sample/Chapter15/AndroidManifest.xml:2:1-153:12
	package
		ADDED from android_sample/Chapter15/AndroidManifest.xml:3:5-48
	android:versionName
		ADDED from android_sample/Chapter15/AndroidManifest.xml:5:5-30
	android:versionCode
		ADDED from android_sample/Chapter15/AndroidManifest.xml:4:5-28
		INJECTED from android_sample/Chapter15/AndroidManifest.xml
		INJECTED from android_sample/Chapter15/AndroidManifest.xml
	xmlns:android
		ADDED from android_sample/Chapter15/AndroidManifest.xml:2:11-69
uses-permission#android.permission.INTERNET
ADDED from android_sample/Chapter15/AndroidManifest.xml:7:5-67
	android:name
		ADDED from android_sample/Chapter15/AndroidManifest.xml:7:22-64
uses-permission#android.permission.WRITE_EXTERNAL_STORAGE
ADDED from android_sample/Chapter15/AndroidManifest.xml:8:5-81
	android:name
		ADDED from android_sample/Chapter15/AndroidManifest.xml:8:22-78
uses-permission#android.permission.READ_CONTACTS
ADDED from android_sample/Chapter15/AndroidManifest.xml:9:5-72
	android:name
		ADDED from android_sample/Chapter15/AndroidManifest.xml:9:22-69
uses-sdk
ADDED from android_sample/Chapter15/AndroidManifest.xml:11:5-13:41
	android:targetSdkVersion
		ADDED from android_sample/Chapter15/AndroidManifest.xml:13:9-38
	android:minSdkVersion
		ADDED from android_sample/Chapter15/AndroidManifest.xml:12:9-35
permission#jp.co.se.android.recipe.chapter15.permission.Provider
ADDED from android_sample/Chapter15/AndroidManifest.xml:15:5-17:47
	android:protectionLevel
		ADDED from android_sample/Chapter15/AndroidManifest.xml:17:9-44
	android:name
		ADDED from android_sample/Chapter15/AndroidManifest.xml:16:9-77
application
ADDED from android_sample/Chapter15/AndroidManifest.xml:19:5-151:19
	android:label
		ADDED from android_sample/Chapter15/AndroidManifest.xml:22:9-41
	android:allowBackup
		ADDED from android_sample/Chapter15/AndroidManifest.xml:20:9-35
	android:icon
		ADDED from android_sample/Chapter15/AndroidManifest.xml:21:9-45
	android:theme
		ADDED from android_sample/Chapter15/AndroidManifest.xml:23:9-40
provider#jp.co.se.android.recipe.chapter15.MyContentProvider
ADDED from android_sample/Chapter15/AndroidManifest.xml:24:9-27:40
	android:authorities
		ADDED from android_sample/Chapter15/AndroidManifest.xml:26:13-68
	android:exported
		ADDED from android_sample/Chapter15/AndroidManifest.xml:27:13-37
	android:name
		ADDED from android_sample/Chapter15/AndroidManifest.xml:25:13-79
provider#jp.co.se.android.recipe.chapter15.MySecureContentProvider
ADDED from android_sample/Chapter15/AndroidManifest.xml:28:9-32:90
	android:authorities
		ADDED from android_sample/Chapter15/AndroidManifest.xml:30:13-75
	android:exported
		ADDED from android_sample/Chapter15/AndroidManifest.xml:31:13-36
	android:permission
		ADDED from android_sample/Chapter15/AndroidManifest.xml:32:13-87
	android:name
		ADDED from android_sample/Chapter15/AndroidManifest.xml:29:13-85
activity#jp.co.se.android.recipe.common.MainActivity
ADDED from android_sample/Chapter15/AndroidManifest.xml:34:9-42:20
	android:label
		ADDED from android_sample/Chapter15/AndroidManifest.xml:36:13-45
	android:name
		ADDED from android_sample/Chapter15/AndroidManifest.xml:35:13-71
intent-filter#android.intent.action.MAIN+android.intent.category.LAUNCHER
ADDED from android_sample/Chapter15/AndroidManifest.xml:37:13-41:29
action#android.intent.action.MAIN
ADDED from android_sample/Chapter15/AndroidManifest.xml:38:17-69
	android:name
		ADDED from android_sample/Chapter15/AndroidManifest.xml:38:25-66
category#android.intent.category.LAUNCHER
ADDED from android_sample/Chapter15/AndroidManifest.xml:40:17-77
	android:name
		ADDED from android_sample/Chapter15/AndroidManifest.xml:40:27-74
activity#jp.co.se.android.recipe.chapter15.Ch1501
ADDED from android_sample/Chapter15/AndroidManifest.xml:43:9-51:20
	android:label
		ADDED from android_sample/Chapter15/AndroidManifest.xml:45:13-46
	android:name
		ADDED from android_sample/Chapter15/AndroidManifest.xml:44:13-35
intent-filter#android.intent.action.MAIN+android.intent.category.SAMPLE_CODE
ADDED from android_sample/Chapter15/AndroidManifest.xml:46:13-50:29
category#android.intent.category.SAMPLE_CODE
ADDED from android_sample/Chapter15/AndroidManifest.xml:49:17-80
	android:name
		ADDED from android_sample/Chapter15/AndroidManifest.xml:49:27-77
activity#jp.co.se.android.recipe.chapter15.Ch1502
ADDED from android_sample/Chapter15/AndroidManifest.xml:52:9-60:20
	android:label
		ADDED from android_sample/Chapter15/AndroidManifest.xml:54:13-46
	android:name
		ADDED from android_sample/Chapter15/AndroidManifest.xml:53:13-35
activity#jp.co.se.android.recipe.chapter15.Ch1503
ADDED from android_sample/Chapter15/AndroidManifest.xml:61:9-69:20
	android:label
		ADDED from android_sample/Chapter15/AndroidManifest.xml:63:13-46
	android:name
		ADDED from android_sample/Chapter15/AndroidManifest.xml:62:13-35
activity#jp.co.se.android.recipe.chapter15.Ch1504
ADDED from android_sample/Chapter15/AndroidManifest.xml:70:9-78:20
	android:label
		ADDED from android_sample/Chapter15/AndroidManifest.xml:72:13-46
	android:name
		ADDED from android_sample/Chapter15/AndroidManifest.xml:71:13-35
activity#jp.co.se.android.recipe.chapter15.Ch1505
ADDED from android_sample/Chapter15/AndroidManifest.xml:79:9-87:20
	android:label
		ADDED from android_sample/Chapter15/AndroidManifest.xml:81:13-46
	android:name
		ADDED from android_sample/Chapter15/AndroidManifest.xml:80:13-35
activity#jp.co.se.android.recipe.chapter15.Ch1506
ADDED from android_sample/Chapter15/AndroidManifest.xml:88:9-96:20
	android:label
		ADDED from android_sample/Chapter15/AndroidManifest.xml:90:13-46
	android:name
		ADDED from android_sample/Chapter15/AndroidManifest.xml:89:13-35
activity#jp.co.se.android.recipe.chapter15.Ch1507
ADDED from android_sample/Chapter15/AndroidManifest.xml:97:9-105:20
	android:label
		ADDED from android_sample/Chapter15/AndroidManifest.xml:99:13-46
	android:name
		ADDED from android_sample/Chapter15/AndroidManifest.xml:98:13-35
activity#jp.co.se.android.recipe.chapter15.Ch1508
ADDED from android_sample/Chapter15/AndroidManifest.xml:106:9-114:20
	android:label
		ADDED from android_sample/Chapter15/AndroidManifest.xml:108:13-46
	android:name
		ADDED from android_sample/Chapter15/AndroidManifest.xml:107:13-35
activity#jp.co.se.android.recipe.chapter15.Ch1509
ADDED from android_sample/Chapter15/AndroidManifest.xml:115:9-123:20
	android:label
		ADDED from android_sample/Chapter15/AndroidManifest.xml:117:13-46
	android:name
		ADDED from android_sample/Chapter15/AndroidManifest.xml:116:13-35
activity#jp.co.se.android.recipe.chapter15.Ch1510
ADDED from android_sample/Chapter15/AndroidManifest.xml:124:9-132:20
	android:label
		ADDED from android_sample/Chapter15/AndroidManifest.xml:126:13-47
	android:name
		ADDED from android_sample/Chapter15/AndroidManifest.xml:125:13-35
activity#jp.co.se.android.recipe.chapter15.Ch1512
ADDED from android_sample/Chapter15/AndroidManifest.xml:133:9-141:20
	android:label
		ADDED from android_sample/Chapter15/AndroidManifest.xml:135:13-47
	android:name
		ADDED from android_sample/Chapter15/AndroidManifest.xml:134:13-35
activity#jp.co.se.android.recipe.chapter15.Ch1513
ADDED from android_sample/Chapter15/AndroidManifest.xml:142:9-150:20
	android:label
		ADDED from android_sample/Chapter15/AndroidManifest.xml:144:13-47
	android:name
		ADDED from android_sample/Chapter15/AndroidManifest.xml:143:13-35